<?xml version="1.0" encoding="UTF-8"?>
<!-- Generated by org.testng.reporters.JUnitReportReporter -->
<testsuite skipped="0" hostname="ASCSBCWTL016" name="com.selenium4.test.Location" tests="1" failures="0" timestamp="2019-12-12T17:44:46 CET" time="0.812" errors="0">
  <testcase name="location" time="0.812" classname="com.selenium4.test.Location"/>
</testsuite> <!-- com.selenium4.test.Location -->
