<?xml version="1.0" encoding="UTF-8"?>
<!-- Generated by org.testng.reporters.JUnitReportReporter -->
<testsuite skipped="0" hostname="ASCSBCWTL016" name="com.selenium4.test.WindowTapTest" tests="1" failures="0" timestamp="2019-12-12T17:36:01 CET" time="9.979" errors="0">
  <testcase name="openNewWindow" time="9.979" classname="com.selenium4.test.WindowTapTest"/>
</testsuite> <!-- com.selenium4.test.WindowTapTest -->
