<?xml version="1.0" encoding="UTF-8"?>
<!-- Generated by org.testng.reporters.JUnitReportReporter -->
<testsuite skipped="0" hostname="ASCSBCWTL016" name="com.selenium4.test.ScreenshotTest" tests="1" failures="0" timestamp="2019-12-12T17:17:42 CET" time="0.529" errors="0">
  <testcase name="takeScreenshotTest" time="0.529" classname="com.selenium4.test.ScreenshotTest"/>
</testsuite> <!-- com.selenium4.test.ScreenshotTest -->
